<?xml version="1.0" encoding="UTF-8"?>
<!-- Generated by org.testng.reporters.JUnitReportReporter -->
<testsuite skipped="0" hostname="CTLINLP-0935" name="ui.automation.testrunner.testrunner" tests="4" failures="0" timestamp="2020-08-28T12:47:19 IST" time="87.652" errors="0">
  <testcase name="feature" time="30.957" classname="ui.automation.testrunner.testrunner"/>
  <system-out/>
  <testcase name="feature" time="11.876" classname="ui.automation.testrunner.testrunner"/>
  <system-out/>
  <testcase name="feature" time="29.168" classname="ui.automation.testrunner.testrunner"/>
  <system-out/>
  <testcase name="feature" time="15.651" classname="ui.automation.testrunner.testrunner"/>
  <system-out/>
</testsuite> <!-- ui.automation.testrunner.testrunner -->
