<?xml version="1.0" encoding="UTF-8"?>
<!-- Generated by org.testng.reporters.JUnitReportReporter -->
<testsuite skipped="1" hostname="CTLINLP-0935" name="ui.automation.testrunner.testrunner" tests="1" failures="0" timestamp="2020-07-22T15:20:37 IST" time="22.243" errors="0">
  <testcase name="feature" time="22.243" classname="ui.automation.testrunner.testrunner">
    <skipped/>
  </testcase> <!-- feature -->
  <system-out/>
</testsuite> <!-- ui.automation.testrunner.testrunner -->
